#
# There is insufficient memory for the Java Runtime Environment to continue.
# Native memory allocation (malloc) failed to allocate 301696 bytes for Chunk::new
# Possible reasons:
#   The system is out of physical RAM or swap space
#   The process is running with CompressedOops enabled, and the Java Heap may be blocking the growth of the native heap
# Possible solutions:
#   Reduce memory load on the system
#   Increase physical memory or swap space
#   Check if swap backing store is full
#   Decrease Java heap size (-Xmx/-Xms)
#   Decrease number of Java threads
#   Decrease Java thread stack sizes (-Xss)
#   Set larger code cache with -XX:ReservedCodeCacheSize=
#   JVM is running with Unscaled Compressed Oops mode in which the Java heap is
#     placed in the first 4GB address space. The Java Heap base address is the
#     maximum limit for the native heap growth. Please use -XX:HeapBaseMinAddress
#     to set the Java Heap base and to place the Java Heap above 4GB virtual address.
# This output file may be truncated or incomplete.
#
#  Out of Memory Error (arena.cpp:189), pid=10460, tid=9932
#
# JRE version: Java(TM) SE Runtime Environment (17.0.1+12) (build 17.0.1+12-LTS-39)
# Java VM: Java HotSpot(TM) 64-Bit Server VM (17.0.1+12-LTS-39, mixed mode, sharing, tiered, compressed oops, compressed class ptrs, g1 gc, windows-amd64)
# No core dump will be written. Minidumps are not enabled by default on client versions of Windows
#

---------------  S U M M A R Y ------------

Command Line: -javaagent:C:\IDEA\IntelliJ IDEA 2021.2.1\lib\idea_rt.jar=64906:C:\IDEA\IntelliJ IDEA 2021.2.1\bin -Dfile.encoding=GBK main.yang.MainUI

Host: Intel(R) Core(TM) i5-7200U CPU @ 2.50GHz, 4 cores, 7G,  Windows 10 , 64 bit Build 19041 (10.0.19041.1645)
Time: Sun Apr 24 20:23:44 2022  Windows 10 , 64 bit Build 19041 (10.0.19041.1645) elapsed time: 3.411485 seconds (0d 0h 0m 3s)

---------------  T H R E A D  ---------------

Current thread (0x000001c628c86b00):  JavaThread "C2 CompilerThread0" daemon [_thread_in_native, id=9932, stack(0x0000001641600000,0x0000001641700000)]


Current CompileTask:
C2:   3411 1807       4       sun.java2d.marlin.MarlinCache::copyAARowRLE_WithBlockFlags (733 bytes)

Stack: [0x0000001641600000,0x0000001641700000]
Native frames: (J=compiled Java code, j=interpreted, Vv=VM code, C=native code)
V  [jvm.dll+0x66fa1a]
V  [jvm.dll+0x7ce5a4]
V  [jvm.dll+0x7cfd4e]
V  [jvm.dll+0x7d03b3]
V  [jvm.dll+0x242b05]
V  [jvm.dll+0xaa05b]
V  [jvm.dll+0xaa5ec]
V  [jvm.dll+0x2a953f]
V  [jvm.dll+0x5785a9]
V  [jvm.dll+0x21dd7d]
V  [jvm.dll+0x21e15f]
V  [jvm.dll+0x217a2a]
V  [jvm.dll+0x214f05]
V  [jvm.dll+0x1a168d]
V  [jvm.dll+0x224848]
V  [jvm.dll+0x2229ac]
V  [jvm.dll+0x78435b]
V  [jvm.dll+0x77e91a]
V  [jvm.dll+0x66e845]
C  [ucrtbase.dll+0x21bb2]
C  [KERNEL32.DLL+0x17034]
C  [ntdll.dll+0x52651]


---------------  P R O C E S S  ---------------

Threads class SMR info:
_java_thread_list=0x000001c62a7c3c60, length=21, elements={
0x000001c628c58620, 0x000001c628c59490, 0x000001c628c74b20, 0x000001c628c784f0,
0x000001c628c78ea0, 0x000001c628c81860, 0x000001c628c86b00, 0x000001c628c87bb0,
0x000001c628c9ad70, 0x000001c628c41240, 0x000001c62991bb00, 0x000001c62991bfd0,
0x000001c629b2f000, 0x000001c629b2f4d0, 0x000001c629b2fe20, 0x000001c629bd6ba0,
0x000001c609520350, 0x000001c629bf5030, 0x000001c629bf5500, 0x000001c62a679070,
0x000001c62a676ec0
}

Java Threads: ( => current thread )
  0x000001c628c58620 JavaThread "Reference Handler" daemon [_thread_blocked, id=5248, stack(0x0000001641000000,0x0000001641100000)]
  0x000001c628c59490 JavaThread "Finalizer" daemon [_thread_blocked, id=10788, stack(0x0000001641100000,0x0000001641200000)]
  0x000001c628c74b20 JavaThread "Signal Dispatcher" daemon [_thread_blocked, id=12232, stack(0x0000001641200000,0x0000001641300000)]
  0x000001c628c784f0 JavaThread "Attach Listener" daemon [_thread_blocked, id=12344, stack(0x0000001641300000,0x0000001641400000)]
  0x000001c628c78ea0 JavaThread "Service Thread" daemon [_thread_blocked, id=11084, stack(0x0000001641400000,0x0000001641500000)]
  0x000001c628c81860 JavaThread "Monitor Deflation Thread" daemon [_thread_blocked, id=5628, stack(0x0000001641500000,0x0000001641600000)]
=>0x000001c628c86b00 JavaThread "C2 CompilerThread0" daemon [_thread_in_native, id=9932, stack(0x0000001641600000,0x0000001641700000)]
  0x000001c628c87bb0 JavaThread "C1 CompilerThread0" daemon [_thread_blocked, id=7520, stack(0x0000001641700000,0x0000001641800000)]
  0x000001c628c9ad70 JavaThread "Sweeper thread" daemon [_thread_blocked, id=4548, stack(0x0000001641800000,0x0000001641900000)]
  0x000001c628c41240 JavaThread "Common-Cleaner" daemon [_thread_blocked, id=4920, stack(0x0000001641900000,0x0000001641a00000)]
  0x000001c62991bb00 JavaThread "Monitor Ctrl-Break" daemon [_thread_in_native, id=3276, stack(0x0000001641a00000,0x0000001641b00000)]
  0x000001c62991bfd0 JavaThread "Notification Thread" daemon [_thread_blocked, id=5916, stack(0x0000001641b00000,0x0000001641c00000)]
  0x000001c629b2f000 JavaThread "Java2D Disposer" daemon [_thread_blocked, id=4432, stack(0x0000001641d00000,0x0000001641e00000)]
  0x000001c629b2f4d0 JavaThread "AWT-Shutdown" [_thread_blocked, id=4240, stack(0x0000001641e00000,0x0000001641f00000)]
  0x000001c629b2fe20 JavaThread "AWT-Windows" daemon [_thread_in_native, id=6288, stack(0x0000001641f00000,0x0000001642000000)]
  0x000001c629bd6ba0 JavaThread "AWT-EventQueue-0" [_thread_blocked, id=2880, stack(0x0000001642000000,0x0000001642100000)]
  0x000001c609520350 JavaThread "DestroyJavaVM" [_thread_blocked, id=3964, stack(0x0000001640900000,0x0000001640a00000)]
  0x000001c629bf5030 JavaThread "Image Fetcher 0" daemon [_thread_blocked, id=8652, stack(0x0000001642100000,0x0000001642200000)]
  0x000001c629bf5500 JavaThread "Image Fetcher 1" daemon [_thread_blocked, id=6304, stack(0x0000001642200000,0x0000001642300000)]
  0x000001c62a679070 JavaThread "TimerQueue" daemon [_thread_blocked, id=14832, stack(0x0000001642300000,0x0000001642400000)]
  0x000001c62a676ec0 JavaThread "Thread-0" [_thread_blocked, id=8340, stack(0x0000001642900000,0x0000001642a00000)]

Other Threads:
  0x000001c628c51610 VMThread "VM Thread" [stack: 0x0000001640f00000,0x0000001641000000] [id=8484]
  0x000001c609583c30 WatcherThread [stack: 0x0000001641c00000,0x0000001641d00000] [id=9164]
  0x000001c60955d720 GCTaskThread "GC Thread#0" [stack: 0x0000001640a00000,0x0000001640b00000] [id=12528]
  0x000001c62a69dcb0 GCTaskThread "GC Thread#1" [stack: 0x0000001642400000,0x0000001642500000] [id=13332]
  0x000001c62a6b72b0 GCTaskThread "GC Thread#2" [stack: 0x0000001642500000,0x0000001642600000] [id=7240]
  0x000001c62a6bf570 GCTaskThread "GC Thread#3" [stack: 0x0000001642600000,0x0000001642700000] [id=14488]
  0x000001c60956ea80 ConcurrentGCThread "G1 Main Marker" [stack: 0x0000001640b00000,0x0000001640c00000] [id=2396]
  0x000001c6095714b0 ConcurrentGCThread "G1 Conc#0" [stack: 0x0000001640c00000,0x0000001640d00000] [id=3744]
  0x000001c6095ec970 ConcurrentGCThread "G1 Refine#0" [stack: 0x0000001640d00000,0x0000001640e00000] [id=6272]
  0x000001c62a6bf820 ConcurrentGCThread "G1 Refine#1" [stack: 0x0000001642700000,0x0000001642800000] [id=3096]
  0x000001c6095ed390 ConcurrentGCThread "G1 Service" [stack: 0x0000001640e00000,0x0000001640f00000] [id=12676]

Threads with active compile tasks:
C2 CompilerThread0     3457 1807       4       sun.java2d.marlin.MarlinCache::copyAARowRLE_WithBlockFlags (733 bytes)

VM state: not at safepoint (normal execution)

VM Mutex/Monitor currently owned by a thread: None

Heap address: 0x0000000081c00000, size: 2020 MB, Compressed Oops mode: 32-bit

CDS archive(s) mapped at: [0x0000000800000000-0x0000000800bc0000-0x0000000800bc0000), size 12320768, SharedBaseAddress: 0x0000000800000000, ArchiveRelocationMode: 0.
Compressed class space mapped at: 0x0000000800c00000-0x0000000840c00000, reserved size: 1073741824
Narrow klass base: 0x0000000800000000, Narrow klass shift: 0, Narrow klass range: 0x100000000

GC Precious Log:
 CPUs: 4 total, 4 available
 Memory: 8077M
 Large Page Support: Disabled
 NUMA Support: Disabled
 Compressed Oops: Enabled (32-bit)
 Heap Region Size: 1M
 Heap Min Capacity: 8M
 Heap Initial Capacity: 128M
 Heap Max Capacity: 2020M
 Pre-touch: Disabled
 Parallel Workers: 4
 Concurrent Workers: 1
 Concurrent Refinement Workers: 4
 Periodic GC: Disabled

Heap:
 garbage-first heap   total 131072K, used 30104K [0x0000000081c00000, 0x0000000100000000)
  region size 1024K, 15 young (15360K), 2 survivors (2048K)
 Metaspace       used 12332K, committed 12544K, reserved 1064960K
  class space    used 1400K, committed 1472K, reserved 1048576K

Heap Regions: E=young(eden), S=young(survivor), O=old, HS=humongous(starts), HC=humongous(continues), CS=collection set, F=free, OA=open archive, CA=closed archive, TAMS=top-at-mark-start (previous, next)
|   0|0x0000000081c00000, 0x0000000081d00000, 0x0000000081d00000|100%|HS|  |TAMS 0x0000000081c00000, 0x0000000081c00000| Complete 
|   1|0x0000000081d00000, 0x0000000081d00000, 0x0000000081e00000|  0%| F|  |TAMS 0x0000000081d00000, 0x0000000081d00000| Untracked 
|   2|0x0000000081e00000, 0x0000000081f00000, 0x0000000081f00000|100%|HS|  |TAMS 0x0000000081e00000, 0x0000000081e00000| Complete 
|   3|0x0000000081f00000, 0x0000000082000000, 0x0000000082000000|100%|HC|  |TAMS 0x0000000081f00000, 0x0000000081f00000| Complete 
|   4|0x0000000082000000, 0x0000000082100000, 0x0000000082100000|100%|HC|  |TAMS 0x0000000082000000, 0x0000000082000000| Complete 
|   5|0x0000000082100000, 0x0000000082200000, 0x0000000082200000|100%|HC|  |TAMS 0x0000000082100000, 0x0000000082100000| Complete 
|   6|0x0000000082200000, 0x0000000082300000, 0x0000000082300000|100%| O|  |TAMS 0x0000000082200000, 0x0000000082200000| Untracked 
|   7|0x0000000082300000, 0x0000000082400000, 0x0000000082400000|100%| O|  |TAMS 0x0000000082300000, 0x0000000082300000| Untracked 
|   8|0x0000000082400000, 0x0000000082500000, 0x0000000082500000|100%| O|  |TAMS 0x0000000082400000, 0x0000000082400000| Untracked 
|   9|0x0000000082500000, 0x0000000082600000, 0x0000000082600000|100%| O|  |TAMS 0x0000000082500000, 0x0000000082500000| Untracked 
|  10|0x0000000082600000, 0x0000000082666200, 0x0000000082700000| 39%| O|  |TAMS 0x0000000082600000, 0x0000000082600000| Untracked 
|  11|0x0000000082700000, 0x0000000082800000, 0x0000000082800000|100%|HS|  |TAMS 0x0000000082700000, 0x0000000082700000| Complete 
|  12|0x0000000082800000, 0x0000000082900000, 0x0000000082900000|100%|HC|  |TAMS 0x0000000082800000, 0x0000000082800000| Complete 
|  13|0x0000000082900000, 0x0000000082a00000, 0x0000000082a00000|100%|HS|  |TAMS 0x0000000082900000, 0x0000000082900000| Complete 
|  14|0x0000000082a00000, 0x0000000082b00000, 0x0000000082b00000|100%|HC|  |TAMS 0x0000000082a00000, 0x0000000082a00000| Complete 
|  15|0x0000000082b00000, 0x0000000082c00000, 0x0000000082c00000|100%|HC|  |TAMS 0x0000000082b00000, 0x0000000082b00000| Complete 
|  16|0x0000000082c00000, 0x0000000082d00000, 0x0000000082d00000|100%|HC|  |TAMS 0x0000000082c00000, 0x0000000082c00000| Complete 
|  17|0x0000000082d00000, 0x0000000082d00000, 0x0000000082e00000|  0%| F|  |TAMS 0x0000000082d00000, 0x0000000082d00000| Untracked 
|  18|0x0000000082e00000, 0x0000000082e00000, 0x0000000082f00000|  0%| F|  |TAMS 0x0000000082e00000, 0x0000000082e00000| Untracked 
|  19|0x0000000082f00000, 0x0000000082f00000, 0x0000000083000000|  0%| F|  |TAMS 0x0000000082f00000, 0x0000000082f00000| Untracked 
|  20|0x0000000083000000, 0x0000000083000000, 0x0000000083100000|  0%| F|  |TAMS 0x0000000083000000, 0x0000000083000000| Untracked 
|  21|0x0000000083100000, 0x0000000083100000, 0x0000000083200000|  0%| F|  |TAMS 0x0000000083100000, 0x0000000083100000| Untracked 
|  22|0x0000000083200000, 0x0000000083200000, 0x0000000083300000|  0%| F|  |TAMS 0x0000000083200000, 0x0000000083200000| Untracked 
|  23|0x0000000083300000, 0x0000000083300000, 0x0000000083400000|  0%| F|  |TAMS 0x0000000083300000, 0x0000000083300000| Untracked 
|  24|0x0000000083400000, 0x0000000083400000, 0x0000000083500000|  0%| F|  |TAMS 0x0000000083400000, 0x0000000083400000| Untracked 
|  25|0x0000000083500000, 0x0000000083500000, 0x0000000083600000|  0%| F|  |TAMS 0x0000000083500000, 0x0000000083500000| Untracked 
|  26|0x0000000083600000, 0x0000000083600000, 0x0000000083700000|  0%| F|  |TAMS 0x0000000083600000, 0x0000000083600000| Untracked 
|  27|0x0000000083700000, 0x0000000083700000, 0x0000000083800000|  0%| F|  |TAMS 0x0000000083700000, 0x0000000083700000| Untracked 
|  28|0x0000000083800000, 0x0000000083800000, 0x0000000083900000|  0%| F|  |TAMS 0x0000000083800000, 0x0000000083800000| Untracked 
|  29|0x0000000083900000, 0x0000000083900000, 0x0000000083a00000|  0%| F|  |TAMS 0x0000000083900000, 0x0000000083900000| Untracked 
|  30|0x0000000083a00000, 0x0000000083a00000, 0x0000000083b00000|  0%| F|  |TAMS 0x0000000083a00000, 0x0000000083a00000| Untracked 
|  31|0x0000000083b00000, 0x0000000083b00000, 0x0000000083c00000|  0%| F|  |TAMS 0x0000000083b00000, 0x0000000083b00000| Untracked 
|  32|0x0000000083c00000, 0x0000000083c00000, 0x0000000083d00000|  0%| F|  |TAMS 0x0000000083c00000, 0x0000000083c00000| Untracked 
|  33|0x0000000083d00000, 0x0000000083d00000, 0x0000000083e00000|  0%| F|  |TAMS 0x0000000083d00000, 0x0000000083d00000| Untracked 
|  34|0x0000000083e00000, 0x0000000083e00000, 0x0000000083f00000|  0%| F|  |TAMS 0x0000000083e00000, 0x0000000083e00000| Untracked 
|  35|0x0000000083f00000, 0x0000000083f00000, 0x0000000084000000|  0%| F|  |TAMS 0x0000000083f00000, 0x0000000083f00000| Untracked 
|  36|0x0000000084000000, 0x0000000084000000, 0x0000000084100000|  0%| F|  |TAMS 0x0000000084000000, 0x0000000084000000| Untracked 
|  37|0x0000000084100000, 0x0000000084100000, 0x0000000084200000|  0%| F|  |TAMS 0x0000000084100000, 0x0000000084100000| Untracked 
|  38|0x0000000084200000, 0x0000000084200000, 0x0000000084300000|  0%| F|  |TAMS 0x0000000084200000, 0x0000000084200000| Untracked 
|  39|0x0000000084300000, 0x0000000084300000, 0x0000000084400000|  0%| F|  |TAMS 0x0000000084300000, 0x0000000084300000| Untracked 
|  40|0x0000000084400000, 0x0000000084400000, 0x0000000084500000|  0%| F|  |TAMS 0x0000000084400000, 0x0000000084400000| Untracked 
|  41|0x0000000084500000, 0x0000000084500000, 0x0000000084600000|  0%| F|  |TAMS 0x0000000084500000, 0x0000000084500000| Untracked 
|  42|0x0000000084600000, 0x0000000084600000, 0x0000000084700000|  0%| F|  |TAMS 0x0000000084600000, 0x0000000084600000| Untracked 
|  43|0x0000000084700000, 0x0000000084700000, 0x0000000084800000|  0%| F|  |TAMS 0x0000000084700000, 0x0000000084700000| Untracked 
|  44|0x0000000084800000, 0x0000000084800000, 0x0000000084900000|  0%| F|  |TAMS 0x0000000084800000, 0x0000000084800000| Untracked 
|  45|0x0000000084900000, 0x0000000084900000, 0x0000000084a00000|  0%| F|  |TAMS 0x0000000084900000, 0x0000000084900000| Untracked 
|  46|0x0000000084a00000, 0x0000000084a00000, 0x0000000084b00000|  0%| F|  |TAMS 0x0000000084a00000, 0x0000000084a00000| Untracked 
|  47|0x0000000084b00000, 0x0000000084b00000, 0x0000000084c00000|  0%| F|  |TAMS 0x0000000084b00000, 0x0000000084b00000| Untracked 
|  48|0x0000000084c00000, 0x0000000084c00000, 0x0000000084d00000|  0%| F|  |TAMS 0x0000000084c00000, 0x0000000084c00000| Untracked 
|  49|0x0000000084d00000, 0x0000000084d00000, 0x0000000084e00000|  0%| F|  |TAMS 0x0000000084d00000, 0x0000000084d00000| Untracked 
|  50|0x0000000084e00000, 0x0000000084e00000, 0x0000000084f00000|  0%| F|  |TAMS 0x0000000084e00000, 0x0000000084e00000| Untracked 
|  51|0x0000000084f00000, 0x0000000084f00000, 0x0000000085000000|  0%| F|  |TAMS 0x0000000084f00000, 0x0000000084f00000| Untracked 
|  52|0x0000000085000000, 0x0000000085000000, 0x0000000085100000|  0%| F|  |TAMS 0x0000000085000000, 0x0000000085000000| Untracked 
|  53|0x0000000085100000, 0x0000000085100000, 0x0000000085200000|  0%| F|  |TAMS 0x0000000085100000, 0x0000000085100000| Untracked 
|  54|0x0000000085200000, 0x0000000085200000, 0x0000000085300000|  0%| F|  |TAMS 0x0000000085200000, 0x0000000085200000| Untracked 
|  55|0x0000000085300000, 0x0000000085300000, 0x0000000085400000|  0%| F|  |TAMS 0x0000000085300000, 0x0000000085300000| Untracked 
|  56|0x0000000085400000, 0x0000000085400000, 0x0000000085500000|  0%| F|  |TAMS 0x0000000085400000, 0x0000000085400000| Untracked 
|  57|0x0000000085500000, 0x0000000085500000, 0x0000000085600000|  0%| F|  |TAMS 0x0000000085500000, 0x0000000085500000| Untracked 
|  58|0x0000000085600000, 0x0000000085600000, 0x0000000085700000|  0%| F|  |TAMS 0x0000000085600000, 0x0000000085600000| Untracked 
|  59|0x0000000085700000, 0x0000000085700000, 0x0000000085800000|  0%| F|  |TAMS 0x0000000085700000, 0x0000000085700000| Untracked 
|  60|0x0000000085800000, 0x0000000085800000, 0x0000000085900000|  0%| F|  |TAMS 0x0000000085800000, 0x0000000085800000| Untracked 
|  61|0x0000000085900000, 0x0000000085900000, 0x0000000085a00000|  0%| F|  |TAMS 0x0000000085900000, 0x0000000085900000| Untracked 
|  62|0x0000000085a00000, 0x0000000085a00000, 0x0000000085b00000|  0%| F|  |TAMS 0x0000000085a00000, 0x0000000085a00000| Untracked 
|  63|0x0000000085b00000, 0x0000000085b00000, 0x0000000085c00000|  0%| F|  |TAMS 0x0000000085b00000, 0x0000000085b00000| Untracked 
|  64|0x0000000085c00000, 0x0000000085c00000, 0x0000000085d00000|  0%| F|  |TAMS 0x0000000085c00000, 0x0000000085c00000| Untracked 
|  65|0x0000000085d00000, 0x0000000085d00000, 0x0000000085e00000|  0%| F|  |TAMS 0x0000000085d00000, 0x0000000085d00000| Untracked 
|  66|0x0000000085e00000, 0x0000000085e00000, 0x0000000085f00000|  0%| F|  |TAMS 0x0000000085e00000, 0x0000000085e00000| Untracked 
|  67|0x0000000085f00000, 0x0000000085f00000, 0x0000000086000000|  0%| F|  |TAMS 0x0000000085f00000, 0x0000000085f00000| Untracked 
|  68|0x0000000086000000, 0x0000000086000000, 0x0000000086100000|  0%| F|  |TAMS 0x0000000086000000, 0x0000000086000000| Untracked 
|  69|0x0000000086100000, 0x0000000086100000, 0x0000000086200000|  0%| F|  |TAMS 0x0000000086100000, 0x0000000086100000| Untracked 
|  70|0x0000000086200000, 0x0000000086200000, 0x0000000086300000|  0%| F|  |TAMS 0x0000000086200000, 0x0000000086200000| Untracked 
|  71|0x0000000086300000, 0x0000000086300000, 0x0000000086400000|  0%| F|  |TAMS 0x0000000086300000, 0x0000000086300000| Untracked 
|  72|0x0000000086400000, 0x0000000086400000, 0x0000000086500000|  0%| F|  |TAMS 0x0000000086400000, 0x0000000086400000| Untracked 
|  73|0x0000000086500000, 0x0000000086500000, 0x0000000086600000|  0%| F|  |TAMS 0x0000000086500000, 0x0000000086500000| Untracked 
|  74|0x0000000086600000, 0x0000000086600000, 0x0000000086700000|  0%| F|  |TAMS 0x0000000086600000, 0x0000000086600000| Untracked 
|  75|0x0000000086700000, 0x0000000086700000, 0x0000000086800000|  0%| F|  |TAMS 0x0000000086700000, 0x0000000086700000| Untracked 
|  76|0x0000000086800000, 0x0000000086800000, 0x0000000086900000|  0%| F|  |TAMS 0x0000000086800000, 0x0000000086800000| Untracked 
|  77|0x0000000086900000, 0x0000000086900000, 0x0000000086a00000|  0%| F|  |TAMS 0x0000000086900000, 0x0000000086900000| Untracked 
|  78|0x0000000086a00000, 0x0000000086a00000, 0x0000000086b00000|  0%| F|  |TAMS 0x0000000086a00000, 0x0000000086a00000| Untracked 
|  79|0x0000000086b00000, 0x0000000086b00000, 0x0000000086c00000|  0%| F|  |TAMS 0x0000000086b00000, 0x0000000086b00000| Untracked 
|  80|0x0000000086c00000, 0x0000000086c00000, 0x0000000086d00000|  0%| F|  |TAMS 0x0000000086c00000, 0x0000000086c00000| Untracked 
|  81|0x0000000086d00000, 0x0000000086d00000, 0x0000000086e00000|  0%| F|  |TAMS 0x0000000086d00000, 0x0000000086d00000| Untracked 
|  82|0x0000000086e00000, 0x0000000086e00000, 0x0000000086f00000|  0%| F|  |TAMS 0x0000000086e00000, 0x0000000086e00000| Untracked 
|  83|0x0000000086f00000, 0x0000000086f00000, 0x0000000087000000|  0%| F|  |TAMS 0x0000000086f00000, 0x0000000086f00000| Untracked 
|  84|0x0000000087000000, 0x0000000087000000, 0x0000000087100000|  0%| F|  |TAMS 0x0000000087000000, 0x0000000087000000| Untracked 
|  85|0x0000000087100000, 0x0000000087100000, 0x0000000087200000|  0%| F|  |TAMS 0x0000000087100000, 0x0000000087100000| Untracked 
|  86|0x0000000087200000, 0x0000000087200000, 0x0000000087300000|  0%| F|  |TAMS 0x0000000087200000, 0x0000000087200000| Untracked 
|  87|0x0000000087300000, 0x0000000087300000, 0x0000000087400000|  0%| F|  |TAMS 0x0000000087300000, 0x0000000087300000| Untracked 
|  88|0x0000000087400000, 0x0000000087400000, 0x0000000087500000|  0%| F|  |TAMS 0x0000000087400000, 0x0000000087400000| Untracked 
|  89|0x0000000087500000, 0x0000000087500000, 0x0000000087600000|  0%| F|  |TAMS 0x0000000087500000, 0x0000000087500000| Untracked 
|  90|0x0000000087600000, 0x0000000087600000, 0x0000000087700000|  0%| F|  |TAMS 0x0000000087600000, 0x0000000087600000| Untracked 
|  91|0x0000000087700000, 0x0000000087700000, 0x0000000087800000|  0%| F|  |TAMS 0x0000000087700000, 0x0000000087700000| Untracked 
|  92|0x0000000087800000, 0x0000000087800000, 0x0000000087900000|  0%| F|  |TAMS 0x0000000087800000, 0x0000000087800000| Untracked 
|  93|0x0000000087900000, 0x0000000087900000, 0x0000000087a00000|  0%| F|  |TAMS 0x0000000087900000, 0x0000000087900000| Untracked 
|  94|0x0000000087a00000, 0x0000000087a00000, 0x0000000087b00000|  0%| F|  |TAMS 0x0000000087a00000, 0x0000000087a00000| Untracked 
|  95|0x0000000087b00000, 0x0000000087b00000, 0x0000000087c00000|  0%| F|  |TAMS 0x0000000087b00000, 0x0000000087b00000| Untracked 
|  96|0x0000000087c00000, 0x0000000087c00000, 0x0000000087d00000|  0%| F|  |TAMS 0x0000000087c00000, 0x0000000087c00000| Untracked 
|  97|0x0000000087d00000, 0x0000000087d00000, 0x0000000087e00000|  0%| F|  |TAMS 0x0000000087d00000, 0x0000000087d00000| Untracked 
|  98|0x0000000087e00000, 0x0000000087e00000, 0x0000000087f00000|  0%| F|  |TAMS 0x0000000087e00000, 0x0000000087e00000| Untracked 
|  99|0x0000000087f00000, 0x0000000087f00000, 0x0000000088000000|  0%| F|  |TAMS 0x0000000087f00000, 0x0000000087f00000| Untracked 
| 100|0x0000000088000000, 0x0000000088000000, 0x0000000088100000|  0%| F|  |TAMS 0x0000000088000000, 0x0000000088000000| Untracked 
| 101|0x0000000088100000, 0x0000000088100000, 0x0000000088200000|  0%| F|  |TAMS 0x0000000088100000, 0x0000000088100000| Untracked 
| 102|0x0000000088200000, 0x0000000088200000, 0x0000000088300000|  0%| F|  |TAMS 0x0000000088200000, 0x0000000088200000| Untracked 
| 103|0x0000000088300000, 0x0000000088300000, 0x0000000088400000|  0%| F|  |TAMS 0x0000000088300000, 0x0000000088300000| Untracked 
| 104|0x0000000088400000, 0x0000000088400000, 0x0000000088500000|  0%| F|  |TAMS 0x0000000088400000, 0x0000000088400000| Untracked 
| 105|0x0000000088500000, 0x0000000088500000, 0x0000000088600000|  0%| F|  |TAMS 0x0000000088500000, 0x0000000088500000| Untracked 
| 106|0x0000000088600000, 0x0000000088600000, 0x0000000088700000|  0%| F|  |TAMS 0x0000000088600000, 0x0000000088600000| Untracked 
| 107|0x0000000088700000, 0x0000000088700000, 0x0000000088800000|  0%| F|  |TAMS 0x0000000088700000, 0x0000000088700000| Untracked 
| 108|0x0000000088800000, 0x0000000088800000, 0x0000000088900000|  0%| F|  |TAMS 0x0000000088800000, 0x0000000088800000| Untracked 
| 109|0x0000000088900000, 0x0000000088900000, 0x0000000088a00000|  0%| F|  |TAMS 0x0000000088900000, 0x0000000088900000| Untracked 
| 110|0x0000000088a00000, 0x0000000088a00000, 0x0000000088b00000|  0%| F|  |TAMS 0x0000000088a00000, 0x0000000088a00000| Untracked 
| 111|0x0000000088b00000, 0x0000000088b00000, 0x0000000088c00000|  0%| F|  |TAMS 0x0000000088b00000, 0x0000000088b00000| Untracked 
| 112|0x0000000088c00000, 0x0000000088c00000, 0x0000000088d00000|  0%| F|  |TAMS 0x0000000088c00000, 0x0000000088c00000| Untracked 
| 113|0x0000000088d00000, 0x0000000088d42240, 0x0000000088e00000| 25%| E|  |TAMS 0x0000000088d00000, 0x0000000088d00000| Complete 
| 114|0x0000000088e00000, 0x0000000088f00000, 0x0000000088f00000|100%| E|CS|TAMS 0x0000000088e00000, 0x0000000088e00000| Complete 
| 115|0x0000000088f00000, 0x0000000089000000, 0x0000000089000000|100%| E|CS|TAMS 0x0000000088f00000, 0x0000000088f00000| Complete 
| 116|0x0000000089000000, 0x0000000089100000, 0x0000000089100000|100%| S|CS|TAMS 0x0000000089000000, 0x0000000089000000| Complete 
| 117|0x0000000089100000, 0x0000000089200000, 0x0000000089200000|100%| S|CS|TAMS 0x0000000089100000, 0x0000000089100000| Complete 
| 118|0x0000000089200000, 0x0000000089300000, 0x0000000089300000|100%| E|CS|TAMS 0x0000000089200000, 0x0000000089200000| Complete 
| 119|0x0000000089300000, 0x0000000089400000, 0x0000000089400000|100%| E|CS|TAMS 0x0000000089300000, 0x0000000089300000| Complete 
| 120|0x0000000089400000, 0x0000000089500000, 0x0000000089500000|100%| E|CS|TAMS 0x0000000089400000, 0x0000000089400000| Complete 
| 121|0x0000000089500000, 0x0000000089600000, 0x0000000089600000|100%| E|CS|TAMS 0x0000000089500000, 0x0000000089500000| Complete 
| 122|0x0000000089600000, 0x0000000089700000, 0x0000000089700000|100%| E|CS|TAMS 0x0000000089600000, 0x0000000089600000| Complete 
| 123|0x0000000089700000, 0x0000000089800000, 0x0000000089800000|100%| E|CS|TAMS 0x0000000089700000, 0x0000000089700000| Complete 
| 124|0x0000000089800000, 0x0000000089900000, 0x0000000089900000|100%| E|CS|TAMS 0x0000000089800000, 0x0000000089800000| Complete 
| 125|0x0000000089900000, 0x0000000089a00000, 0x0000000089a00000|100%| E|CS|TAMS 0x0000000089900000, 0x0000000089900000| Complete 
| 126|0x0000000089a00000, 0x0000000089b00000, 0x0000000089b00000|100%| E|CS|TAMS 0x0000000089a00000, 0x0000000089a00000| Complete 
| 127|0x0000000089b00000, 0x0000000089c00000, 0x0000000089c00000|100%| E|CS|TAMS 0x0000000089b00000, 0x0000000089b00000| Complete 

Card table byte_map: [0x000001c621f60000,0x000001c622360000] _byte_map_base: 0x000001c621b52000

Marking Bits (Prev, Next): (CMBitMap*) 0x000001c60955dd30, (CMBitMap*) 0x000001c60955dd70
 Prev Bits: [0x000001c622760000, 0x000001c6246f0000)
 Next Bits: [0x000001c6246f0000, 0x000001c626680000)

Polling page: 0x000001c609600000

Metaspace:

Usage:
  Non-class:     10.68 MB used.
      Class:      1.37 MB used.
       Both:     12.04 MB used.

Virtual space:
  Non-class space:       16.00 MB reserved,      10.81 MB ( 68%) committed,  2 nodes.
      Class space:        1.00 GB reserved,       1.44 MB ( <1%) committed,  1 nodes.
             Both:        1.02 GB reserved,      12.25 MB (  1%) committed. 

Chunk freelists:
   Non-Class:  1022.00 KB
       Class:  2.60 MB
        Both:  3.59 MB

MaxMetaspaceSize: unlimited
CompressedClassSpaceSize: 1.00 GB
Initial GC threshold: 21.00 MB
Current GC threshold: 21.00 MB
CDS: on
MetaspaceReclaimPolicy: balanced
 - commit_granule_bytes: 65536.
 - commit_granule_words: 8192.
 - virtual_space_node_default_size: 1048576.
 - enlarge_chunks_in_place: 1.
 - new_chunks_are_fully_committed: 0.
 - uncommit_free_chunks: 1.
 - use_allocation_guard: 0.
 - handle_deallocations: 1.


Internal statistics:

num_allocs_failed_limit: 0.
num_arena_births: 124.
num_arena_deaths: 0.
num_vsnodes_births: 3.
num_vsnodes_deaths: 0.
num_space_committed: 196.
num_space_uncommitted: 0.
num_chunks_returned_to_freelist: 0.
num_chunks_taken_from_freelist: 203.
num_chunk_merges: 0.
num_chunk_splits: 103.
num_chunks_enlarged: 39.
num_purges: 0.
num_inconsistent_stats: 0.

CodeHeap 'non-profiled nmethods': size=120000Kb used=688Kb max_used=688Kb free=119311Kb
 bounds [0x000001c61a000000, 0x000001c61a270000, 0x000001c621530000]
CodeHeap 'profiled nmethods': size=120000Kb used=3335Kb max_used=3335Kb free=116664Kb
 bounds [0x000001c612ad0000, 0x000001c612e20000, 0x000001c61a000000]
CodeHeap 'non-nmethods': size=5760Kb used=1315Kb max_used=1389Kb free=4444Kb
 bounds [0x000001c612530000, 0x000001c6127a0000, 0x000001c612ad0000]
 total_blobs=2481 nmethods=1827 adapters=567
 compilation: enabled
              stopped_count=0, restarted_count=0
 full_count=0

Compilation events (20 events):
Event: 3.390 Thread 0x000001c628c87bb0 1806       3       sun.awt.image.SunVolatileImage::getHeight (5 bytes)
Event: 3.391 Thread 0x000001c628c87bb0 nmethod 1806 0x000001c612e04e10 code [0x000001c612e04fa0, 0x000001c612e050d8]
Event: 3.391 Thread 0x000001c628c87bb0 1804       3       sun.java2d.SurfaceData::getTransparency (8 bytes)
Event: 3.391 Thread 0x000001c628c87bb0 nmethod 1804 0x000001c612e05190 code [0x000001c612e05340, 0x000001c612e05528]
Event: 3.391 Thread 0x000001c628c87bb0 1803       1       java.awt.image.BufferedImage::getRaster (5 bytes)
Event: 3.391 Thread 0x000001c628c87bb0 nmethod 1803 0x000001c61a0ab410 code [0x000001c61a0ab5a0, 0x000001c61a0ab678]
Event: 3.391 Thread 0x000001c628c87bb0 1808       3       sun.java2d.SunGraphics2D::setColor (108 bytes)
Event: 3.391 Thread 0x000001c628c87bb0 nmethod 1808 0x000001c612e05610 code [0x000001c612e05800, 0x000001c612e05cb8]
Event: 3.391 Thread 0x000001c628c87bb0 1809       3       sun.java2d.pipe.GlyphListPipe::drawString (211 bytes)
Event: 3.393 Thread 0x000001c628c87bb0 nmethod 1809 0x000001c612e05d90 code [0x000001c612e060e0, 0x000001c612e07478]
Event: 3.393 Thread 0x000001c628c87bb0 1811       1       java.awt.EventDispatchThread$1::evaluate (2 bytes)
Event: 3.393 Thread 0x000001c628c87bb0 nmethod 1811 0x000001c61a0ab710 code [0x000001c61a0ab8a0, 0x000001c61a0ab978]
Event: 3.393 Thread 0x000001c628c87bb0 1812  s    1       java.awt.EventDispatchThread::getEventQueue (5 bytes)
Event: 3.393 Thread 0x000001c628c87bb0 nmethod 1812 0x000001c61a0aba10 code [0x000001c61a0abba0, 0x000001c61a0abd18]
Event: 3.393 Thread 0x000001c628c87bb0 1810       3       sun.font.GlyphList::getInstance (23 bytes)
Event: 3.394 Thread 0x000001c628c87bb0 nmethod 1810 0x000001c612e07b90 code [0x000001c612e07e00, 0x000001c612e08938]
Event: 3.396 Thread 0x000001c628c87bb0 1813       3       java.awt.AWTEvent::<init> (81 bytes)
Event: 3.397 Thread 0x000001c628c87bb0 nmethod 1813 0x000001c612e08c90 code [0x000001c612e08e60, 0x000001c612e09318]
Event: 3.397 Thread 0x000001c628c87bb0 1814       3       java.util.concurrent.locks.AbstractQueuedSynchronizer$ConditionObject::signalAll (34 bytes)
Event: 3.397 Thread 0x000001c628c87bb0 nmethod 1814 0x000001c612e09490 code [0x000001c612e09660, 0x000001c612e099a8]

GC Heap History (4 events):
Event: 1.248 GC heap before
{Heap before GC invocations=0 (full 0):
 garbage-first heap   total 131072K, used 18432K [0x0000000081c00000, 0x0000000100000000)
  region size 1024K, 13 young (13312K), 0 survivors (0K)
 Metaspace       used 9789K, committed 10048K, reserved 1064960K
  class space    used 1158K, committed 1280K, reserved 1048576K
}
Event: 1.256 GC heap after
{Heap after GC invocations=1 (full 0):
 garbage-first heap   total 131072K, used 9167K [0x0000000081c00000, 0x0000000100000000)
  region size 1024K, 2 young (2048K), 2 survivors (2048K)
 Metaspace       used 9789K, committed 10048K, reserved 1064960K
  class space    used 1158K, committed 1280K, reserved 1048576K
}
Event: 2.288 GC heap before
{Heap before GC invocations=1 (full 0):
 garbage-first heap   total 131072K, used 20431K [0x0000000081c00000, 0x0000000100000000)
  region size 1024K, 12 young (12288K), 2 survivors (2048K)
 Metaspace       used 11306K, committed 11520K, reserved 1064960K
  class space    used 1313K, committed 1408K, reserved 1048576K
}
Event: 2.293 GC heap after
{Heap after GC invocations=2 (full 0):
 garbage-first heap   total 131072K, used 11672K [0x0000000081c00000, 0x0000000100000000)
  region size 1024K, 2 young (2048K), 2 survivors (2048K)
 Metaspace       used 11306K, committed 11520K, reserved 1064960K
  class space    used 1313K, committed 1408K, reserved 1048576K
}

Deoptimization events (20 events):
Event: 2.451 Thread 0x000001c629bd6ba0 DEOPT PACKING pc=0x000001c61a06976c sp=0x00000016420fcd60
Event: 2.452 Thread 0x000001c629bd6ba0 DEOPT UNPACKING pc=0x000001c6125823a3 sp=0x00000016420fccf0 mode 2
Event: 2.527 Thread 0x000001c629bd6ba0 Uncommon trap: trap_request=0xffffff45 fr.pc=0x000001c61a082a98 relative=0x0000000000001bf8
Event: 2.527 Thread 0x000001c629bd6ba0 Uncommon trap: reason=unstable_if action=reinterpret pc=0x000001c61a082a98 method=java.lang.String.<init>([BIILjava/nio/charset/Charset;)V @ 47 c2
Event: 2.528 Thread 0x000001c629bd6ba0 DEOPT PACKING pc=0x000001c61a082a98 sp=0x00000016420fdaa0
Event: 2.528 Thread 0x000001c629bd6ba0 DEOPT UNPACKING pc=0x000001c6125823a3 sp=0x00000016420fda88 mode 2
Event: 2.548 Thread 0x000001c629bd6ba0 Uncommon trap: trap_request=0xffffff45 fr.pc=0x000001c61a06d30c relative=0x00000000000000ec
Event: 2.548 Thread 0x000001c629bd6ba0 Uncommon trap: reason=unstable_if action=reinterpret pc=0x000001c61a06d30c method=java.lang.ThreadLocal$ThreadLocalMap.getEntry(Ljava/lang/ThreadLocal;)Ljava/lang/ThreadLocal$ThreadLocalMap$Entry; @ 21 c2
Event: 2.548 Thread 0x000001c629bd6ba0 DEOPT PACKING pc=0x000001c61a06d30c sp=0x00000016420fd4f0
Event: 2.548 Thread 0x000001c629bd6ba0 DEOPT UNPACKING pc=0x000001c6125823a3 sp=0x00000016420fd408 mode 2
Event: 2.549 Thread 0x000001c629bd6ba0 Uncommon trap: trap_request=0xffffff45 fr.pc=0x000001c61a06a184 relative=0x00000000000000e4
Event: 2.549 Thread 0x000001c629bd6ba0 Uncommon trap: reason=unstable_if action=reinterpret pc=0x000001c61a06a184 method=java.lang.ThreadLocal$ThreadLocalMap.getEntry(Ljava/lang/ThreadLocal;)Ljava/lang/ThreadLocal$ThreadLocalMap$Entry; @ 21 c2
Event: 2.549 Thread 0x000001c629bd6ba0 DEOPT PACKING pc=0x000001c61a06a184 sp=0x00000016420fd2b0
Event: 2.549 Thread 0x000001c629bd6ba0 DEOPT UNPACKING pc=0x000001c6125823a3 sp=0x00000016420fd250 mode 2
Event: 2.722 Thread 0x000001c629bd6ba0 Uncommon trap: trap_request=0xffffff45 fr.pc=0x000001c61a08f244 relative=0x00000000000002e4
Event: 2.722 Thread 0x000001c629bd6ba0 Uncommon trap: reason=unstable_if action=reinterpret pc=0x000001c61a08f244 method=java.awt.MultipleGradientPaintContext.indexIntoGradientsArrays(F)I @ 13 c2
Event: 2.722 Thread 0x000001c629bd6ba0 DEOPT PACKING pc=0x000001c61a08f244 sp=0x00000016420fd430
Event: 2.722 Thread 0x000001c629bd6ba0 DEOPT UNPACKING pc=0x000001c6125823a3 sp=0x00000016420fd3b8 mode 2
Event: 3.185 Thread 0x000001c629bd6ba0 DEOPT PACKING pc=0x000001c612db7a89 sp=0x00000016420fd240
Event: 3.185 Thread 0x000001c629bd6ba0 DEOPT UNPACKING pc=0x000001c612582b43 sp=0x00000016420fc6c8 mode 0

Classes unloaded (0 events):
No events

Classes redefined (0 events):
No events

Internal exceptions (20 events):
Event: 0.856 Thread 0x000001c609520350 Exception <a 'java/lang/ClassNotFoundException'{0x0000000089567380}: ToolBar> (0x0000000089567380) 
thrown [t:\workspace\open\src\hotspot\share\classfile\systemDictionary.cpp, line 256]
Event: 0.856 Thread 0x000001c609520350 Exception <a 'java/lang/ClassNotFoundException'{0x00000000895676f0}: ToggleButton> (0x00000000895676f0) 
thrown [t:\workspace\open\src\hotspot\share\classfile\systemDictionary.cpp, line 256]
Event: 0.857 Thread 0x000001c609520350 Exception <a 'java/lang/ClassNotFoundException'{0x0000000089567b30}: javax/swing/JToolBarSeparator> (0x0000000089567b30) 
thrown [t:\workspace\open\src\hotspot\share\classfile\systemDictionary.cpp, line 256]
Event: 0.857 Thread 0x000001c609520350 Exception <a 'java/lang/ClassNotFoundException'{0x0000000089567e38}: ToolBarSeparator> (0x0000000089567e38) 
thrown [t:\workspace\open\src\hotspot\share\classfile\systemDictionary.cpp, line 256]
Event: 0.857 Thread 0x000001c609520350 Exception <a 'java/lang/ClassNotFoundException'{0x0000000089568350}: ToolTip> (0x0000000089568350) 
thrown [t:\workspace\open\src\hotspot\share\classfile\systemDictionary.cpp, line 256]
Event: 0.859 Thread 0x000001c609520350 Exception <a 'java/lang/ClassNotFoundException'{0x0000000089568ca0}: Tree> (0x0000000089568ca0) 
thrown [t:\workspace\open\src\hotspot\share\classfile\systemDictionary.cpp, line 256]
Event: 0.860 Thread 0x000001c609520350 Exception <a 'java/lang/ClassNotFoundException'{0x0000000089569198}: Tree> (0x0000000089569198) 
thrown [t:\workspace\open\src\hotspot\share\classfile\systemDictionary.cpp, line 256]
Event: 0.860 Thread 0x000001c609520350 Exception <a 'java/lang/ClassNotFoundException'{0x0000000089569508}: javax/swing/JTreeCell> (0x0000000089569508) 
thrown [t:\workspace\open\src\hotspot\share\classfile\systemDictionary.cpp, line 256]
Event: 0.860 Thread 0x000001c609520350 Exception <a 'java/lang/ClassNotFoundException'{0x0000000089569808}: TreeCell> (0x0000000089569808) 
thrown [t:\workspace\open\src\hotspot\share\classfile\systemDictionary.cpp, line 256]
Event: 0.862 Thread 0x000001c609520350 Exception <a 'java/lang/ClassNotFoundException'{0x0000000089569fc8}: RootPane> (0x0000000089569fc8) 
thrown [t:\workspace\open\src\hotspot\share\classfile\systemDictionary.cpp, line 256]
Event: 0.867 Thread 0x000001c609520350 Exception <a 'java/lang/ClassNotFoundException'{0x000000008956ce28}: com/sun/swing/internal/plaf/metal/resources/spi/metalProvider> (0x000000008956ce28) 
thrown [t:\workspace\open\src\hotspot\share\classfile\systemDictionary.cpp, line 256]
Event: 0.872 Thread 0x000001c609520350 Exception <a 'java/lang/ClassNotFoundException'{0x0000000089572910}: com/sun/swing/internal/plaf/basic/resources/spi/basicProvider> (0x0000000089572910) 
thrown [t:\workspace\open\src\hotspot\share\classfile\systemDictionary.cpp, line 256]
Event: 0.910 Thread 0x000001c629bd6ba0 Exception <a 'java/lang/ClassNotFoundException'{0x00000000895dda38}: com/sun/swing/internal/plaf/synth/resources/spi/synthProvider> (0x00000000895dda38) 
thrown [t:\workspace\open\src\hotspot\share\classfile\systemDictionary.cpp, line 256]
Event: 1.003 Thread 0x000001c629bf5030 Exception <a 'java/lang/NoSuchMethodError'{0x0000000089454040}: 'java.lang.Object java.lang.invoke.DirectMethodHandle$Holder.newInvokeSpecial(java.lang.Object, java.lang.Object, java.lang.Object, int, int, int, int, int)'> (0x0000000089454040) 
thrown [t:\workspace\open\src\hotspot\share\interpreter\linkResolver.cpp, line 766]
Event: 1.369 Thread 0x000001c629bd6ba0 Exception <a 'java/lang/NoSuchMethodError'{0x0000000089975f00}: 'void java.lang.invoke.DirectMethodHandle$Holder.invokeStaticInit(java.lang.Object)'> (0x0000000089975f00) 
thrown [t:\workspace\open\src\hotspot\share\interpreter\linkResolver.cpp, line 766]
Event: 1.418 Thread 0x000001c629b2fe20 Exception <a 'java/lang/NoSuchMethodError'{0x000000008997f4e0}: 'void java.lang.invoke.DirectMethodHandle$Holder.invokeVirtual(java.lang.Object, java.lang.Object)'> (0x000000008997f4e0) 
thrown [t:\workspace\open\src\hotspot\share\interpreter\linkResolver.cpp, line 766]
Event: 1.425 Thread 0x000001c629bd6ba0 Exception <a 'java/lang/NoSuchMethodError'{0x00000000899d4c38}: 'void java.lang.invoke.DirectMethodHandle$Holder.invokeStatic(java.lang.Object, java.lang.Object, java.lang.Object)'> (0x00000000899d4c38) 
thrown [t:\workspace\open\src\hotspot\share\interpreter\linkResolver.cpp, line 766]
Event: 2.328 Thread 0x000001c629bd6ba0 Implicit null exception at 0x000001c61a0714d0 to 0x000001c61a075080
Event: 2.548 Thread 0x000001c629bd6ba0 Implicit null exception at 0x000001c61a06d283 to 0x000001c61a06d2f4
Event: 2.549 Thread 0x000001c629bd6ba0 Implicit null exception at 0x000001c61a06a100 to 0x000001c61a06a16c

VM Operations (20 events):
Event: 0.090 Executing VM operation: HandshakeAllThreads
Event: 0.090 Executing VM operation: HandshakeAllThreads done
Event: 0.190 Executing VM operation: HandshakeAllThreads
Event: 0.191 Executing VM operation: HandshakeAllThreads done
Event: 0.781 Executing VM operation: HandshakeAllThreads
Event: 0.781 Executing VM operation: HandshakeAllThreads done
Event: 1.074 Executing VM operation: HandshakeAllThreads
Event: 1.074 Executing VM operation: HandshakeAllThreads done
Event: 1.074 Executing VM operation: Cleanup
Event: 1.074 Executing VM operation: Cleanup done
Event: 1.247 Executing VM operation: G1CollectForAllocation
Event: 1.256 Executing VM operation: G1CollectForAllocation done
Event: 1.334 Executing VM operation: HandshakeAllThreads
Event: 1.334 Executing VM operation: HandshakeAllThreads done
Event: 2.269 Executing VM operation: G1CollectForAllocation
Event: 2.293 Executing VM operation: G1CollectForAllocation done
Event: 2.548 Executing VM operation: HandshakeAllThreads
Event: 2.548 Executing VM operation: HandshakeAllThreads done
Event: 2.694 Executing VM operation: HandshakeAllThreads
Event: 2.695 Executing VM operation: HandshakeAllThreads done

Events (20 events):
Event: 2.699 loading class sun/awt/im/InputMethodContext done
Event: 2.700 loading class sun/awt/windows/WInputMethod
Event: 2.700 loading class sun/awt/im/InputMethodAdapter
Event: 2.700 loading class java/awt/im/spi/InputMethod
Event: 2.700 loading class java/awt/im/spi/InputMethod done
Event: 2.700 loading class sun/awt/im/InputMethodAdapter done
Event: 2.700 loading class sun/awt/windows/WInputMethod done
Event: 2.705 loading class java/awt/event/MouseWheelEvent
Event: 2.705 loading class java/awt/event/MouseWheelEvent done
Event: 2.705 loading class java/awt/TextComponent
Event: 2.705 loading class java/awt/TextComponent done
Event: 2.719 loading class java/awt/KeyboardFocusManager$3
Event: 2.719 loading class java/awt/KeyboardFocusManager$3 done
Event: 2.722 loading class java/awt/geom/Path2D$Float$CopyIterator
Event: 2.722 loading class java/awt/geom/Path2D$Iterator
Event: 2.722 loading class java/awt/geom/Path2D$Iterator done
Event: 2.722 loading class java/awt/geom/Path2D$Float$CopyIterator done
Event: 2.748 loading class java/util/concurrent/locks/AbstractQueuedSynchronizer$ExclusiveNode
Event: 2.748 loading class java/util/concurrent/locks/AbstractQueuedSynchronizer$ExclusiveNode done
Event: 2.820 Thread 0x000001c62b419420 Thread exited: 0x000001c62b419420


Dynamic libraries:
0x00007ff699380000 - 0x00007ff699390000 	E:\Java\jdk17\bin\java.exe
0x00007ffaf8b90000 - 0x00007ffaf8d85000 	C:\WINDOWS\SYSTEM32\ntdll.dll
0x00007ffaf71d0000 - 0x00007ffaf728e000 	C:\WINDOWS\System32\KERNEL32.DLL
0x00007ffaf6700000 - 0x00007ffaf69c8000 	C:\WINDOWS\System32\KERNELBASE.dll
0x00007ffaf6410000 - 0x00007ffaf6510000 	C:\WINDOWS\System32\ucrtbase.dll
0x00007ffaece20000 - 0x00007ffaece38000 	E:\Java\jdk17\bin\jli.dll
0x00007ffaedf00000 - 0x00007ffaedf1a000 	E:\Java\jdk17\bin\VCRUNTIME140.dll
0x00007ffaf7650000 - 0x00007ffaf76fe000 	C:\WINDOWS\System32\ADVAPI32.dll
0x00007ffaf75b0000 - 0x00007ffaf764e000 	C:\WINDOWS\System32\msvcrt.dll
0x00007ffaf7290000 - 0x00007ffaf732c000 	C:\WINDOWS\System32\sechost.dll
0x00007ffaf70a0000 - 0x00007ffaf71c5000 	C:\WINDOWS\System32\RPCRT4.dll
0x00007ffaf7390000 - 0x00007ffaf7530000 	C:\WINDOWS\System32\USER32.dll
0x00007ffaf6ab0000 - 0x00007ffaf6ad2000 	C:\WINDOWS\System32\win32u.dll
0x00007ffadb9b0000 - 0x00007ffadbc4a000 	C:\WINDOWS\WinSxS\amd64_microsoft.windows.common-controls_6595b64144ccf1df_6.0.19041.1110_none_60b5254171f9507e\COMCTL32.dll
0x00007ffaf7050000 - 0x00007ffaf707a000 	C:\WINDOWS\System32\GDI32.dll
0x00007ffaf6540000 - 0x00007ffaf664b000 	C:\WINDOWS\System32\gdi32full.dll
0x00007ffaf6b50000 - 0x00007ffaf6bed000 	C:\WINDOWS\System32\msvcp_win.dll
0x00007ffaea480000 - 0x00007ffaea48a000 	C:\WINDOWS\SYSTEM32\VERSION.dll
0x00007ffaf7f20000 - 0x00007ffaf7f50000 	C:\WINDOWS\System32\IMM32.DLL
0x00007ffaeff10000 - 0x00007ffaeff1c000 	E:\Java\jdk17\bin\vcruntime140_1.dll
0x00007ffad0360000 - 0x00007ffad03ed000 	E:\Java\jdk17\bin\msvcp140.dll
0x00007ffabb5c0000 - 0x00007ffabc17e000 	E:\Java\jdk17\bin\server\jvm.dll
0x00007ffaf6c50000 - 0x00007ffaf6c58000 	C:\WINDOWS\System32\PSAPI.DLL
0x00007ffaf4a00000 - 0x00007ffaf4a09000 	C:\WINDOWS\SYSTEM32\WSOCK32.dll
0x00007ffaf7540000 - 0x00007ffaf75ab000 	C:\WINDOWS\System32\WS2_32.dll
0x00007ffadf9e0000 - 0x00007ffadfa07000 	C:\WINDOWS\SYSTEM32\WINMM.dll
0x00007ffaf4b70000 - 0x00007ffaf4b82000 	C:\WINDOWS\SYSTEM32\kernel.appcore.dll
0x00007ffaefe00000 - 0x00007ffaefe0a000 	E:\Java\jdk17\bin\jimage.dll
0x00007ffaf47f0000 - 0x00007ffaf49d4000 	C:\WINDOWS\SYSTEM32\DBGHELP.DLL
0x00007ffae3a30000 - 0x00007ffae3a5c000 	C:\WINDOWS\SYSTEM32\dbgcore.DLL
0x00007ffaf69d0000 - 0x00007ffaf6a52000 	C:\WINDOWS\System32\bcryptPrimitives.dll
0x00007ffaefd80000 - 0x00007ffaefd8e000 	E:\Java\jdk17\bin\instrument.dll
0x00007ffaecac0000 - 0x00007ffaecae5000 	E:\Java\jdk17\bin\java.dll
0x00007ffad0070000 - 0x00007ffad0146000 	E:\Java\jdk17\bin\svml.dll
0x00007ffaf82f0000 - 0x00007ffaf8a34000 	C:\WINDOWS\System32\SHELL32.dll
0x00007ffaf3f80000 - 0x00007ffaf4714000 	C:\WINDOWS\SYSTEM32\windows.storage.dll
0x00007ffaf6cf0000 - 0x00007ffaf7044000 	C:\WINDOWS\System32\combase.dll
0x00007ffaf5d20000 - 0x00007ffaf5d4c000 	C:\WINDOWS\SYSTEM32\Wldp.dll
0x00007ffaf7fe0000 - 0x00007ffaf808d000 	C:\WINDOWS\System32\SHCORE.dll
0x00007ffaf8af0000 - 0x00007ffaf8b45000 	C:\WINDOWS\System32\shlwapi.dll
0x00007ffaf61f0000 - 0x00007ffaf620f000 	C:\WINDOWS\SYSTEM32\profapi.dll
0x00007ffade890000 - 0x00007ffade8a8000 	E:\Java\jdk17\bin\zip.dll
0x00007ffadad30000 - 0x00007ffadad49000 	E:\Java\jdk17\bin\net.dll
0x00007ffaeb5c0000 - 0x00007ffaeb6ca000 	C:\WINDOWS\SYSTEM32\WINHTTP.dll
0x00007ffaf5a30000 - 0x00007ffaf5a9a000 	C:\WINDOWS\system32\mswsock.dll
0x00007ffadad10000 - 0x00007ffadad25000 	E:\Java\jdk17\bin\nio.dll
0x00007ffadacf0000 - 0x00007ffadad0a000 	C:\IDEA\IntelliJ IDEA 2021.2.1\bin\breakgen64.dll
0x00007ffacdaf0000 - 0x00007ffacdc7f000 	E:\Java\jdk17\bin\awt.dll
0x00007ffaf8220000 - 0x00007ffaf82ed000 	C:\WINDOWS\System32\OLEAUT32.dll
0x00007ffaf37d0000 - 0x00007ffaf3860000 	C:\WINDOWS\SYSTEM32\apphelp.dll
0x00007ffaf38c0000 - 0x00007ffaf395e000 	C:\WINDOWS\system32\uxtheme.dll
0x00007ffaf7d20000 - 0x00007ffaf7e35000 	C:\WINDOWS\System32\MSCTF.dll
0x00007ffaf80f0000 - 0x00007ffaf821a000 	C:\WINDOWS\System32\ole32.dll
0x00007ffaf3ab0000 - 0x00007ffaf3adf000 	C:\WINDOWS\system32\DWMAPI.DLL
0x00007ffad02d0000 - 0x00007ffad0359000 	E:\Java\jdk17\bin\freetype.dll
0x00007ffacffc0000 - 0x00007ffad0068000 	E:\Java\jdk17\bin\fontmanager.dll
0x00007ffad9950000 - 0x00007ffad9a76000 	C:\WINDOWS\system32\opengl32.dll
0x00007ffad98e0000 - 0x00007ffad990c000 	C:\WINDOWS\SYSTEM32\GLU32.dll
0x00007ffadac70000 - 0x00007ffadac9d000 	E:\Java\jdk17\bin\javajpeg.dll
0x00007ffadf030000 - 0x00007ffadf129000 	C:\WINDOWS\SYSTEM32\textinputframework.dll
0x00007ffaf3570000 - 0x00007ffaf3662000 	C:\WINDOWS\System32\CoreMessaging.dll
0x00007ffaf2e90000 - 0x00007ffaf31ee000 	C:\WINDOWS\System32\CoreUIComponents.dll
0x00007ffaf4f80000 - 0x00007ffaf4fb3000 	C:\WINDOWS\SYSTEM32\ntmarta.dll
0x00007ffaf1e10000 - 0x00007ffaf1f64000 	C:\WINDOWS\SYSTEM32\wintypes.dll
0x00007ffaf8a40000 - 0x00007ffaf8ae9000 	C:\WINDOWS\System32\clbcatq.dll
0x00007ffaeea90000 - 0x00007ffaeec44000 	C:\WINDOWS\SYSTEM32\WindowsCodecs.dll
0x00007ffaf6510000 - 0x00007ffaf6537000 	C:\WINDOWS\System32\bcrypt.dll
0x00007ffad3ed0000 - 0x00007ffad3f0e000 	C:\WINDOWS\system32\dataexchange.dll
0x00007ffaf2ca0000 - 0x00007ffaf2e85000 	C:\WINDOWS\system32\dcomp.dll
0x00007ffaf29e0000 - 0x00007ffaf2c44000 	C:\WINDOWS\system32\d3d11.dll
0x00007ffaf4b90000 - 0x00007ffaf4c83000 	C:\WINDOWS\system32\dxgi.dll
0x00007ffaeee00000 - 0x00007ffaef001000 	C:\WINDOWS\system32\twinapi.appcore.dll

dbghelp: loaded successfully - version: 4.0.5 - missing functions: none
symbol engine: initialized successfully - sym options: 0x614 - pdb path: .;E:\Java\jdk17\bin;C:\WINDOWS\SYSTEM32;C:\WINDOWS\WinSxS\amd64_microsoft.windows.common-controls_6595b64144ccf1df_6.0.19041.1110_none_60b5254171f9507e;E:\Java\jdk17\bin\server;C:\IDEA\IntelliJ IDEA 2021.2.1\bin

VM Arguments:
jvm_args: -javaagent:C:\IDEA\IntelliJ IDEA 2021.2.1\lib\idea_rt.jar=64906:C:\IDEA\IntelliJ IDEA 2021.2.1\bin -Dfile.encoding=GBK 
java_command: main.yang.MainUI
java_class_path (initial): C:\Users\已|\Desktop\4.1-4.21整合\GoBangMustWin1.0\out\production\GoBangMustWin1.0;C:\Users\已|\Desktop\4.1-4.21整合\GoBangMustWin1.0\src\resources\jar\poi-3.17.jar;C:\Users\已|\Desktop\4.1-4.21整合\GoBangMustWin1.0\src\resources\jar\poi-ooxml-3.17.jar;C:\Users\已|\Desktop\4.1-4.21整合\GoBangMustWin1.0\src\resources\jar\xmlbeans-2.6.0.jar;C:\Users\已|\Desktop\4.1-4.21整合\GoBangMustWin1.0\src\resources\jar\poi-ooxml-schemas-3.17.jar;C:\Users\已|\Desktop\4.1-4.21整合\GoBangMustWin1.0\src\resources\jar\commons-collections4-4.1.jar;C:\Users\已|\Desktop\4.1-4.21整合\GoBangMustWin1.0\src\resources\jar\commons-lang3-3.12.0\commons-lang3-3.12.0.jar;C:\Users\已|\Desktop\4.1-4.21整合\GoBangMustWin1.0\src\resources\jar\commons-lang3-3.12.0\commons-lang3-3.12.0-tests.jar;C:\Users\已|\Desktop\4.1-4.21整合\GoBangMustWin1.0\src\resources\jar\commons-lang3-3.12.0\commons-lang3-3.12.0-javadoc.jar;C:\Users\已|\Desktop\4.1-4.21整合\GoBangMustWin1.0\src\resources\jar\commons-lang3-3.12.0\commons-lang3-3.12.0-sources.jar;C:\Users\已|\Desktop\4.1-4.21整合\GoBangMustWin1.0\src\resources\jar\commons-lang3-3.12.0\commons-lang3-3.12.0-test-sources.jar
Launcher Type: SUN_STANDARD

[Global flags]
     intx CICompilerCount                          = 3                                         {product} {ergonomic}
     uint ConcGCThreads                            = 1                                         {product} {ergonomic}
     uint G1ConcRefinementThreads                  = 4                                         {product} {ergonomic}
   size_t G1HeapRegionSize                         = 1048576                                   {product} {ergonomic}
    uintx GCDrainStackTargetSize                   = 64                                        {product} {ergonomic}
   size_t InitialHeapSize                          = 134217728                                 {product} {ergonomic}
   size_t MarkStackSize                            = 4194304                                   {product} {ergonomic}
   size_t MaxHeapSize                              = 2118123520                                {product} {ergonomic}
   size_t MaxNewSize                               = 1270874112                                {product} {ergonomic}
   size_t MinHeapDeltaBytes                        = 1048576                                   {product} {ergonomic}
   size_t MinHeapSize                              = 8388608                                   {product} {ergonomic}
    uintx NonNMethodCodeHeapSize                   = 5832780                                {pd product} {ergonomic}
    uintx NonProfiledCodeHeapSize                  = 122912730                              {pd product} {ergonomic}
    uintx ProfiledCodeHeapSize                     = 122912730                              {pd product} {ergonomic}
    uintx ReservedCodeCacheSize                    = 251658240                              {pd product} {ergonomic}
     bool SegmentedCodeCache                       = true                                      {product} {ergonomic}
   size_t SoftMaxHeapSize                          = 2118123520                             {manageable} {ergonomic}
     bool UseCompressedClassPointers               = true                           {product lp64_product} {ergonomic}
     bool UseCompressedOops                        = true                           {product lp64_product} {ergonomic}
     bool UseG1GC                                  = true                                      {product} {ergonomic}
     bool UseLargePagesIndividualAllocation        = false                                  {pd product} {ergonomic}

Logging:
Log output configuration:
 #0: stdout all=warning uptime,level,tags
 #1: stderr all=off uptime,level,tags

Environment Variables:
JAVA_HOME=E:\Java\jdk1.8.0_251
CLASSPATH=.;E:\Java\jdk17\lib;
PATH=C:\Program Files\Common Files\Oracle\Java\javapath;C:\python\Scripts\;C:\python\;C:\Program Files (x86)\Intel\iCLS Client\;C:\Program Files\Intel\iCLS Client\;C:\WINDOWS\system32;C:\WINDOWS;C:\WINDOWS\System32\Wbem;C:\WINDOWS\System32\WindowsPowerShell\v1.0\;C:\Program Files (x86)\Intel\Intel(R) Management Engine Components\DAL;C:\Program Files\Intel\Intel(R) Management Engine Components\DAL;C:\Program Files (x86)\Intel\Intel(R) Management Engine Components\IPT;C:\Program Files\Intel\Intel(R) Management Engine Components\IPT;%C_PATH%;C:\WINDOWS\System32\OpenSSH\;%QUARTUS_ROOTDIR%\bin;C:\Program Files\MySQL\MySQL Server 8.0\bin;"E:\Java\jdk17\bin;";E:\Maven\apache-maven-3.8.3\bin;E:\LLVM\bin;E:\LLVM\lib;E:\Git\cmd;E:\CMake\bin;C:\WINDOWS\system32\config\systemprofile\.cargo\bin;"C:\apache-tomcat-8.5.64\bin;C:\apache-tomcat-8.5.64\lib";C:\Users\已|\AppData\Local\Programs;C;\Users\已|\AppData\Roaming\conflux-studio;%;AVEN_HOME%\bin;C:\Users\已|\AppData\Local\Programs\Python\Python39\Scripts;C;\Users\已|\AppData\Local\GitHubDesktop\bin;E:\softwares\Git\cmd;C:\Matlab\runtime\win64;C:\Matlab\bin;C:\Matlab\polyspace\bin;C:\Users\已|\AppData\Local\Programs\Python\Python39\Scripts\;C:\Users\已|\AppData\Local\Programs\Python\Python39\;C:\Users\已|\.cargo\bin;E:\Java\jdk1.8.0_251\bin;E:\WebStorm\WebStorm 2020.3.1\bin;;C:\Users\已|\AppData\Local\Microsoft\WindowsApps;C:\Program Files\JetBrains\IntelliJ IDEA Community Edition 2020.3.3\bin;;C:\IDEA\IntelliJ IDEA 2021.2.1\bin;;E:\PyCharm 2021.1.2\bin;
USERNAME=已|
OS=Windows_NT
PROCESSOR_IDENTIFIER=Intel64 Family 6 Model 142 Stepping 9, GenuineIntel



---------------  S Y S T E M  ---------------

OS:
 Windows 10 , 64 bit Build 19041 (10.0.19041.1645)
OS uptime: 0 days 6:57 hours
Hyper-V role detected

CPU: total 4 (initial active 4) (2 cores per cpu, 2 threads per core) family 6 model 142 stepping 9 microcode 0xb4, cx8, cmov, fxsr, ht, mmx, 3dnowpref, sse, sse2, sse3, ssse3, sse4.1, sse4.2, popcnt, lzcnt, tsc, tscinvbit, avx, avx2, aes, erms, clmul, bmi1, bmi2, adx, fma, vzeroupper, clflush, clflushopt, hv

Memory: 4k page, system-wide physical 8077M (788M free)
TotalPageFile size 8077M (AvailPageFile size 5M)
current process WorkingSet (physical memory assigned to process): 110M, peak: 113M
current process commit charge ("private bytes"): 241M, peak: 245M

vm_info: Java HotSpot(TM) 64-Bit Server VM (17.0.1+12-LTS-39) for windows-amd64 JRE (17.0.1+12-LTS-39), built on Sep 27 2021 18:41:35 by "mach5one" with MS VC++ 16.8 (VS2019)

END.
